Invoke-WebRequest : body{display:none}body{display:block}{"props":{"pageProps":{"statusCode":500,"hostname":"localhost"
}},"page":"/_error","query":{},"buildId":"development","isFallback":false,"err":{"name":"Error","source":"server","mess
age":"./src/styles/globals.css\nError evaluating Node.js code\nError: It looks like you're trying to use `tailwindcss` 
directly as a PostCSS plugin. The PostCSS plugin has moved to a separate package, so to continue using Tailwind CSS 
with PostCSS you'll need to install `@tailwindcss/postcss` and update your PostCSS configuration.\n    [at at 
(C:\\Users\\lowbi\\codexProjects\\AAC-Venturers\\frontend\\node_modules\\tailwindcss\\dist\\lib.js:38:1643)]\n    [at 
\u003canonymous\u003e (turbopack:///[turbopack-node]/transforms/postcss.ts:56:14)]\n    [at \u003canonymous\u003e]\n   
 [at Module.init (turbopack:///[turbopack-node]/transforms/postcss.ts:43:33)]\n    [at run 
(turbopack:///[turbopack-node]/child_process/evaluate.ts:74:20)]\n\nImport trace:\n  Browser:\n    
./src/styles/globals.css\n    ./src/pages/_app.js\n\n","stack":"Error: ./src/styles/globals.css\nError evaluating 
Node.js code\nError: It looks like you're trying to use `tailwindcss` directly as a PostCSS plugin. The PostCSS plugin 
has moved to a separate package, so to continue using Tailwind CSS with PostCSS you'll need to install 
`@tailwindcss/postcss` and update your PostCSS configuration.\n    [at at 
(C:\\Users\\lowbi\\codexProjects\\AAC-Venturers\\frontend\\node_modules\\tailwindcss\\dist\\lib.js:38:1643)]\n    [at 
\u003canonymous\u003e (turbopack:///[turbopack-node]/transforms/postcss.ts:56:14)]\n    [at \u003canonymous\u003e]\n   
 [at Module.init (turbopack:///[turbopack-node]/transforms/postcss.ts:43:33)]\n    [at run 
(turbopack:///[turbopack-node]/child_process/evaluate.ts:74:20)]\n\nImport trace:\n  Browser:\n    
./src/styles/globals.css\n    ./src/pages/_app.js\n\n\n    at Object.getCompilationErrors (C:\\Users\\lowbi\\codexProje
cts\\AAC-Venturers\\frontend\\node_modules\\next\\dist\\server\\dev\\hot-reloader-turbopack.js:1189:59)\n    at 
DevBundlerService.getCompilationError (C:\\Users\\lowbi\\codexProjects\\AAC-Venturers\\frontend\\node_modules\\next\\di
st\\server\\lib\\dev-bundler-service.js:44:55)\n    at DevServer.getCompilationError (C:\\Users\\lowbi\\codexProjects\\
AAC-Venturers\\frontend\\node_modules\\next\\dist\\server\\dev\\next-dev-server.js:719:42)\n    at 
DevServer.findPageComponents (C:\\Users\\lowbi\\codexProjects\\AAC-Venturers\\frontend\\node_modules\\next\\dist\\serve
r\\dev\\next-dev-server.js:689:43)\n    at async DevServer.renderErrorToResponseImpl (C:\\Users\\lowbi\\codexProjects\\
AAC-Venturers\\frontend\\node_modules\\next\\dist\\server\\base-server.js:1745:26)"},"gip":true,"scriptLoader":[]}
At line:2 char:350
+ ... ds 8; try { Invoke-WebRequest -Uri 'http://127.0.0.1:5173' -UseBasicP ...
+                 ~~~~~~~~~~~~~~~~~~~~~~~~~~~~~~~~~~~~~~~~~~~~~~~~~~~~~~~~~
    + CategoryInfo          : InvalidOperation: (System.Net.HttpWebRequest:HttpWebRequest) [Invoke-WebRequest], WebExc 
   eption
    + FullyQualifiedErrorId : WebCmdletWebResponseException,Microsoft.PowerShell.Commands.InvokeWebRequestCommand

